<?xml version="1.0" encoding="UTF-8"?>
<testng-results skipped="0" failed="2" total="33" passed="31">
  <reporter-output>
  </reporter-output>
  <suite name="Default suite" duration-ms="160843" started-at="2019-04-23T06:09:40Z" finished-at="2019-04-23T06:12:20Z">
    <groups>
    </groups>
    <test name="Default test" duration-ms="160843" started-at="2019-04-23T06:09:40Z" finished-at="2019-04-23T06:12:20Z">
      <class name="propack.CreateproNg">
        <test-method status="PASS" signature="Credentials()[pri:0, instance:propack.CreateproNg@457e2f02]" name="Credentials" is-config="true" duration-ms="13681" started-at="2019-04-23T11:39:40Z" finished-at="2019-04-23T11:39:53Z">
          <reporter-output>
          </reporter-output>
        </test-method> <!-- Credentials -->
        <test-method status="PASS" signature="Reports()[pri:0, instance:propack.CreateproNg@457e2f02]" name="Reports" is-config="true" duration-ms="197" started-at="2019-04-23T11:39:53Z" finished-at="2019-04-23T11:39:53Z">
          <reporter-output>
          </reporter-output>
        </test-method> <!-- Reports -->
        <test-method status="PASS" signature="UnsuccessfulLogin()[pri:1, instance:propack.CreateproNg@457e2f02]" name="UnsuccessfulLogin" duration-ms="6614" started-at="2019-04-23T11:39:53Z" finished-at="2019-04-23T11:40:00Z">
          <reporter-output>
          </reporter-output>
        </test-method> <!-- UnsuccessfulLogin -->
        <test-method status="PASS" signature="SuccessfulLogin()[pri:2, instance:propack.CreateproNg@457e2f02]" name="SuccessfulLogin" duration-ms="52602" started-at="2019-04-23T11:40:00Z" finished-at="2019-04-23T11:40:53Z">
          <reporter-output>
          </reporter-output>
        </test-method> <!-- SuccessfulLogin -->
        <test-method status="PASS" signature="Login_loading_Time()[pri:3, instance:propack.CreateproNg@457e2f02]" name="Login_loading_Time" duration-ms="3361" started-at="2019-04-23T11:40:53Z" finished-at="2019-04-23T11:40:56Z">
          <reporter-output>
          </reporter-output>
        </test-method> <!-- Login_loading_Time -->
        <test-method status="FAIL" signature="Cmpny_slct()[pri:4, instance:propack.CreateproNg@457e2f02]" name="Cmpny_slct" duration-ms="1000" started-at="2019-04-23T11:40:56Z" finished-at="2019-04-23T11:40:57Z">
          <exception class="org.openqa.selenium.WebDriverException">
            <message>
              <![CDATA[unknown error: Element <span>...</span> is not clickable at point (710, 216). Other element would receive the click: <div _ngcontent-c4="" class="col-md-12 loader-wrpr">...</div>
  (Session info: chrome=73.0.3683.103)
  (Driver info: chromedriver=2.44.609538 (b655c5a60b0b544917107a59d4153d4bf78e1b90),platform=Windows NT 10.0.17134 x86_64) (WARNING: The server did not provide any stacktrace information)
Command duration or timeout: 0 milliseconds
Build info: version: '3.141.59', revision: 'e82be7d358', time: '2018-11-14T08:25:53'
System info: host: 'LT-37530A', ip: '10.1.22.48', os.name: 'Windows 10', os.arch: 'amd64', os.version: '10.0', java.version: '1.8.0_151'
Driver info: org.openqa.selenium.chrome.ChromeDriver
Capabilities {acceptInsecureCerts: false, acceptSslCerts: false, applicationCacheEnabled: false, browserConnectionEnabled: false, browserName: chrome, chrome: {chromedriverVersion: 2.44.609538 (b655c5a60b0b54..., userDataDir: C:\Users\37530\AppData\Loca...}, cssSelectorsEnabled: true, databaseEnabled: false, goog:chromeOptions: {debuggerAddress: localhost:61339}, handlesAlerts: true, hasTouchScreen: false, javascriptEnabled: true, locationContextEnabled: true, mobileEmulationEnabled: false, nativeEvents: true, networkConnectionEnabled: false, pageLoadStrategy: normal, platform: XP, platformName: XP, rotatable: false, setWindowRect: true, takesHeapSnapshot: true, takesScreenshot: true, unexpectedAlertBehaviour: ignore, unhandledPromptBehavior: ignore, version: 73.0.3683.103, webStorageEnabled: true}
Session ID: 69949016ec8deb7a49bd0a3aec466f78]]>
            </message>
            <full-stacktrace>
              <![CDATA[org.openqa.selenium.WebDriverException: unknown error: Element <span>...</span> is not clickable at point (710, 216). Other element would receive the click: <div _ngcontent-c4="" class="col-md-12 loader-wrpr">...</div>
  (Session info: chrome=73.0.3683.103)
  (Driver info: chromedriver=2.44.609538 (b655c5a60b0b544917107a59d4153d4bf78e1b90),platform=Windows NT 10.0.17134 x86_64) (WARNING: The server did not provide any stacktrace information)
Command duration or timeout: 0 milliseconds
Build info: version: '3.141.59', revision: 'e82be7d358', time: '2018-11-14T08:25:53'
System info: host: 'LT-37530A', ip: '10.1.22.48', os.name: 'Windows 10', os.arch: 'amd64', os.version: '10.0', java.version: '1.8.0_151'
Driver info: org.openqa.selenium.chrome.ChromeDriver
Capabilities {acceptInsecureCerts: false, acceptSslCerts: false, applicationCacheEnabled: false, browserConnectionEnabled: false, browserName: chrome, chrome: {chromedriverVersion: 2.44.609538 (b655c5a60b0b54..., userDataDir: C:\Users\37530\AppData\Loca...}, cssSelectorsEnabled: true, databaseEnabled: false, goog:chromeOptions: {debuggerAddress: localhost:61339}, handlesAlerts: true, hasTouchScreen: false, javascriptEnabled: true, locationContextEnabled: true, mobileEmulationEnabled: false, nativeEvents: true, networkConnectionEnabled: false, pageLoadStrategy: normal, platform: XP, platformName: XP, rotatable: false, setWindowRect: true, takesHeapSnapshot: true, takesScreenshot: true, unexpectedAlertBehaviour: ignore, unhandledPromptBehavior: ignore, version: 73.0.3683.103, webStorageEnabled: true}
Session ID: 69949016ec8deb7a49bd0a3aec466f78
	at sun.reflect.NativeConstructorAccessorImpl.newInstance0(Native Method)
	at sun.reflect.NativeConstructorAccessorImpl.newInstance(Unknown Source)
	at sun.reflect.DelegatingConstructorAccessorImpl.newInstance(Unknown Source)
	at java.lang.reflect.Constructor.newInstance(Unknown Source)
	at org.openqa.selenium.remote.ErrorHandler.createThrowable(ErrorHandler.java:214)
	at org.openqa.selenium.remote.ErrorHandler.throwIfResponseFailed(ErrorHandler.java:166)
	at org.openqa.selenium.remote.http.JsonHttpResponseCodec.reconstructValue(JsonHttpResponseCodec.java:40)
	at org.openqa.selenium.remote.http.AbstractHttpResponseCodec.decode(AbstractHttpResponseCodec.java:80)
	at org.openqa.selenium.remote.http.AbstractHttpResponseCodec.decode(AbstractHttpResponseCodec.java:44)
	at org.openqa.selenium.remote.HttpCommandExecutor.execute(HttpCommandExecutor.java:158)
	at org.openqa.selenium.remote.service.DriverCommandExecutor.execute(DriverCommandExecutor.java:83)
	at org.openqa.selenium.remote.RemoteWebDriver.execute(RemoteWebDriver.java:552)
	at org.openqa.selenium.remote.RemoteWebElement.execute(RemoteWebElement.java:285)
	at org.openqa.selenium.remote.RemoteWebElement.click(RemoteWebElement.java:84)
	at propack.CreateproNg.Cmpny_slct(CreateproNg.java:754)
	at sun.reflect.NativeMethodAccessorImpl.invoke0(Native Method)
	at sun.reflect.NativeMethodAccessorImpl.invoke(Unknown Source)
	at sun.reflect.DelegatingMethodAccessorImpl.invoke(Unknown Source)
	at java.lang.reflect.Method.invoke(Unknown Source)
	at org.testng.internal.MethodInvocationHelper.invokeMethod(MethodInvocationHelper.java:86)
	at org.testng.internal.Invoker.invokeMethod(Invoker.java:643)
	at org.testng.internal.Invoker.invokeTestMethod(Invoker.java:820)
	at org.testng.internal.Invoker.invokeTestMethods(Invoker.java:1128)
	at org.testng.internal.TestMethodWorker.invokeTestMethods(TestMethodWorker.java:129)
	at org.testng.internal.TestMethodWorker.run(TestMethodWorker.java:112)
	at org.testng.TestRunner.privateRun(TestRunner.java:782)
	at org.testng.TestRunner.run(TestRunner.java:632)
	at org.testng.SuiteRunner.runTest(SuiteRunner.java:366)
	at org.testng.SuiteRunner.runSequentially(SuiteRunner.java:361)
	at org.testng.SuiteRunner.privateRun(SuiteRunner.java:319)
	at org.testng.SuiteRunner.run(SuiteRunner.java:268)
	at org.testng.SuiteRunnerWorker.runSuite(SuiteRunnerWorker.java:52)
	at org.testng.SuiteRunnerWorker.run(SuiteRunnerWorker.java:86)
	at org.testng.TestNG.runSuitesSequentially(TestNG.java:1244)
	at org.testng.TestNG.runSuitesLocally(TestNG.java:1169)
	at org.testng.TestNG.run(TestNG.java:1064)
	at org.testng.remote.AbstractRemoteTestNG.run(AbstractRemoteTestNG.java:115)
	at org.testng.remote.RemoteTestNG.initAndRun(RemoteTestNG.java:251)
	at org.testng.remote.RemoteTestNG.main(RemoteTestNG.java:77)
]]>
            </full-stacktrace>
          </exception> <!-- org.openqa.selenium.WebDriverException -->
          <reporter-output>
          </reporter-output>
        </test-method> <!-- Cmpny_slct -->
        <test-method status="PASS" signature="Home_loading_Time()[pri:4, instance:propack.CreateproNg@457e2f02]" name="Home_loading_Time" duration-ms="3257" started-at="2019-04-23T11:40:57Z" finished-at="2019-04-23T11:41:00Z">
          <reporter-output>
          </reporter-output>
        </test-method> <!-- Home_loading_Time -->
        <test-method status="PASS" signature="Prometric_Image_Check()[pri:5, instance:propack.CreateproNg@457e2f02]" name="Prometric_Image_Check" duration-ms="204" started-at="2019-04-23T11:41:00Z" finished-at="2019-04-23T11:41:01Z">
          <reporter-output>
          </reporter-output>
        </test-method> <!-- Prometric_Image_Check -->
        <test-method status="PASS" signature="full_name_updt()[pri:5, instance:propack.CreateproNg@457e2f02]" name="full_name_updt" duration-ms="3454" started-at="2019-04-23T11:41:01Z" finished-at="2019-04-23T11:41:04Z">
          <reporter-output>
          </reporter-output>
        </test-method> <!-- full_name_updt -->
        <test-method status="PASS" signature="Prometric_Image_Click()[pri:6, instance:propack.CreateproNg@457e2f02]" name="Prometric_Image_Click" duration-ms="375" started-at="2019-04-23T11:41:04Z" finished-at="2019-04-23T11:41:04Z">
          <reporter-output>
          </reporter-output>
        </test-method> <!-- Prometric_Image_Click -->
        <test-method status="PASS" signature="Home_text_Check()[pri:7, instance:propack.CreateproNg@457e2f02]" name="Home_text_Check" duration-ms="3334" started-at="2019-04-23T11:41:04Z" finished-at="2019-04-23T11:41:08Z">
          <reporter-output>
          </reporter-output>
        </test-method> <!-- Home_text_Check -->
        <test-method status="PASS" signature="Navigation_Drawer()[pri:8, instance:propack.CreateproNg@457e2f02]" name="Navigation_Drawer" duration-ms="3413" started-at="2019-04-23T11:41:08Z" finished-at="2019-04-23T11:41:11Z">
          <reporter-output>
          </reporter-output>
        </test-method> <!-- Navigation_Drawer -->
        <test-method status="PASS" signature="Pro_prfl_nav()[pri:9, instance:propack.CreateproNg@457e2f02]" name="Pro_prfl_nav" duration-ms="4015" started-at="2019-04-23T11:41:11Z" finished-at="2019-04-23T11:41:15Z">
          <reporter-output>
          </reporter-output>
        </test-method> <!-- Pro_prfl_nav -->
        <test-method status="PASS" signature="res_nav()[pri:10, instance:propack.CreateproNg@457e2f02]" name="res_nav" duration-ms="4778" started-at="2019-04-23T11:41:15Z" finished-at="2019-04-23T11:41:20Z">
          <reporter-output>
          </reporter-output>
        </test-method> <!-- res_nav -->
        <test-method status="PASS" signature="User_logo()[pri:11, instance:propack.CreateproNg@457e2f02]" name="User_logo" duration-ms="3595" started-at="2019-04-23T11:41:20Z" finished-at="2019-04-23T11:41:24Z">
          <reporter-output>
          </reporter-output>
        </test-method> <!-- User_logo -->
        <test-method status="PASS" signature="Res_But()[pri:12, instance:propack.CreateproNg@457e2f02]" name="Res_But" duration-ms="3540" started-at="2019-04-23T11:41:24Z" finished-at="2019-04-23T11:41:27Z">
          <reporter-output>
          </reporter-output>
        </test-method> <!-- Res_But -->
        <test-method status="PASS" signature="Pro_prfl_But()[pri:13, instance:propack.CreateproNg@457e2f02]" name="Pro_prfl_But" duration-ms="6242" started-at="2019-04-23T11:41:27Z" finished-at="2019-04-23T11:41:33Z">
          <reporter-output>
          </reporter-output>
        </test-method> <!-- Pro_prfl_But -->
        <test-method status="PASS" signature="Comp_name_no_Data_validation()[pri:14, instance:propack.CreateproNg@457e2f02]" name="Comp_name_no_Data_validation" duration-ms="191" started-at="2019-04-23T11:41:33Z" finished-at="2019-04-23T11:41:33Z">
          <reporter-output>
          </reporter-output>
        </test-method> <!-- Comp_name_no_Data_validation -->
        <test-method status="PASS" signature="Comp_name_valid()[pri:14, instance:propack.CreateproNg@457e2f02]" name="Comp_name_valid" duration-ms="3932" started-at="2019-04-23T11:41:33Z" finished-at="2019-04-23T11:41:37Z">
          <reporter-output>
          </reporter-output>
        </test-method> <!-- Comp_name_valid -->
        <test-method status="PASS" signature="Full_name_valid()[pri:15, instance:propack.CreateproNg@457e2f02]" name="Full_name_valid" duration-ms="3550" started-at="2019-04-23T11:41:37Z" finished-at="2019-04-23T11:41:41Z">
          <reporter-output>
          </reporter-output>
        </test-method> <!-- Full_name_valid -->
        <test-method status="PASS" signature="Full_name_no_Data_validation()[pri:16, instance:propack.CreateproNg@457e2f02]" name="Full_name_no_Data_validation" duration-ms="300" started-at="2019-04-23T11:41:41Z" finished-at="2019-04-23T11:41:41Z">
          <reporter-output>
          </reporter-output>
        </test-method> <!-- Full_name_no_Data_validation -->
        <test-method status="PASS" signature="Email_valid()[pri:17, instance:propack.CreateproNg@457e2f02]" name="Email_valid" duration-ms="3322" started-at="2019-04-23T11:41:41Z" finished-at="2019-04-23T11:41:45Z">
          <reporter-output>
          </reporter-output>
        </test-method> <!-- Email_valid -->
        <test-method status="PASS" signature="Email_Address_no_Data_validation()[pri:18, instance:propack.CreateproNg@457e2f02]" name="Email_Address_no_Data_validation" duration-ms="203" started-at="2019-04-23T11:41:45Z" finished-at="2019-04-23T11:41:45Z">
          <reporter-output>
          </reporter-output>
        </test-method> <!-- Email_Address_no_Data_validation -->
        <test-method status="PASS" signature="Email_Address_invalid_Data_after()[pri:19, instance:propack.CreateproNg@457e2f02]" name="Email_Address_invalid_Data_after" duration-ms="375" started-at="2019-04-23T11:41:45Z" finished-at="2019-04-23T11:41:45Z">
          <reporter-output>
          </reporter-output>
        </test-method> <!-- Email_Address_invalid_Data_after -->
        <test-method status="PASS" signature="Email_Address_invalid_Data_spcl_chars()[pri:20, instance:propack.CreateproNg@457e2f02]" name="Email_Address_invalid_Data_spcl_chars" duration-ms="400" started-at="2019-04-23T11:41:45Z" finished-at="2019-04-23T11:41:46Z">
          <reporter-output>
          </reporter-output>
        </test-method> <!-- Email_Address_invalid_Data_spcl_chars -->
        <test-method status="PASS" signature="Phone_num_valid()[pri:21, instance:propack.CreateproNg@457e2f02]" name="Phone_num_valid" duration-ms="3528" started-at="2019-04-23T11:41:46Z" finished-at="2019-04-23T11:41:49Z">
          <reporter-output>
          </reporter-output>
        </test-method> <!-- Phone_num_valid -->
        <test-method status="PASS" signature="Phone_num_withText()[pri:22, instance:propack.CreateproNg@457e2f02]" name="Phone_num_withText" duration-ms="4115" started-at="2019-04-23T11:41:49Z" finished-at="2019-04-23T11:41:53Z">
          <reporter-output>
          </reporter-output>
        </test-method> <!-- Phone_num_withText -->
        <test-method status="PASS" signature="Country_select()[pri:23, instance:propack.CreateproNg@457e2f02]" name="Country_select" duration-ms="3777" started-at="2019-04-23T11:41:53Z" finished-at="2019-04-23T11:41:57Z">
          <reporter-output>
          </reporter-output>
        </test-method> <!-- Country_select -->
        <test-method status="PASS" signature="State_province_select()[pri:24, instance:propack.CreateproNg@457e2f02]" name="State_province_select" duration-ms="3550" started-at="2019-04-23T11:41:57Z" finished-at="2019-04-23T11:42:01Z">
          <reporter-output>
          </reporter-output>
        </test-method> <!-- State_province_select -->
        <test-method status="PASS" signature="Zipcode_valid()[pri:25, instance:propack.CreateproNg@457e2f02]" name="Zipcode_valid" duration-ms="3358" started-at="2019-04-23T11:42:01Z" finished-at="2019-04-23T11:42:04Z">
          <reporter-output>
          </reporter-output>
        </test-method> <!-- Zipcode_valid -->
        <test-method status="PASS" signature="Zipcode_Text()[pri:26, instance:propack.CreateproNg@457e2f02]" name="Zipcode_Text" duration-ms="3311" started-at="2019-04-23T11:42:04Z" finished-at="2019-04-23T11:42:07Z">
          <reporter-output>
          </reporter-output>
        </test-method> <!-- Zipcode_Text -->
        <test-method status="PASS" signature="Cancel_bt_enable_when_any_value()[pri:27, instance:propack.CreateproNg@457e2f02]" name="Cancel_bt_enable_when_any_value" duration-ms="3128" started-at="2019-04-23T11:42:07Z" finished-at="2019-04-23T11:42:10Z">
          <reporter-output>
          </reporter-output>
        </test-method> <!-- Cancel_bt_enable_when_any_value -->
        <test-method status="PASS" signature="Cancel_bt_enable_after_del_all_values()[pri:28, instance:propack.CreateproNg@457e2f02]" name="Cancel_bt_enable_after_del_all_values" duration-ms="3476" started-at="2019-04-23T11:42:10Z" finished-at="2019-04-23T11:42:14Z">
          <reporter-output>
          </reporter-output>
        </test-method> <!-- Cancel_bt_enable_after_del_all_values -->
        <test-method status="PASS" signature="Cancel_bt_clk()[pri:29, instance:propack.CreateproNg@457e2f02]" name="Cancel_bt_clk" duration-ms="3385" started-at="2019-04-23T11:42:14Z" finished-at="2019-04-23T11:42:17Z">
          <reporter-output>
          </reporter-output>
        </test-method> <!-- Cancel_bt_clk -->
        <test-method status="FAIL" signature="lukup_profile_clk()[pri:30, instance:propack.CreateproNg@457e2f02]" name="lukup_profile_clk" duration-ms="3110" started-at="2019-04-23T11:42:17Z" finished-at="2019-04-23T11:42:20Z">
          <exception class="org.openqa.selenium.WebDriverException">
            <message>
              <![CDATA[unknown error: cannot focus element
  (Session info: chrome=73.0.3683.103)
  (Driver info: chromedriver=2.44.609538 (b655c5a60b0b544917107a59d4153d4bf78e1b90),platform=Windows NT 10.0.17134 x86_64) (WARNING: The server did not provide any stacktrace information)
Command duration or timeout: 0 milliseconds
Build info: version: '3.141.59', revision: 'e82be7d358', time: '2018-11-14T08:25:53'
System info: host: 'LT-37530A', ip: '10.1.22.48', os.name: 'Windows 10', os.arch: 'amd64', os.version: '10.0', java.version: '1.8.0_151'
Driver info: org.openqa.selenium.chrome.ChromeDriver
Capabilities {acceptInsecureCerts: false, acceptSslCerts: false, applicationCacheEnabled: false, browserConnectionEnabled: false, browserName: chrome, chrome: {chromedriverVersion: 2.44.609538 (b655c5a60b0b54..., userDataDir: C:\Users\37530\AppData\Loca...}, cssSelectorsEnabled: true, databaseEnabled: false, goog:chromeOptions: {debuggerAddress: localhost:61339}, handlesAlerts: true, hasTouchScreen: false, javascriptEnabled: true, locationContextEnabled: true, mobileEmulationEnabled: false, nativeEvents: true, networkConnectionEnabled: false, pageLoadStrategy: normal, platform: XP, platformName: XP, rotatable: false, setWindowRect: true, takesHeapSnapshot: true, takesScreenshot: true, unexpectedAlertBehaviour: ignore, unhandledPromptBehavior: ignore, version: 73.0.3683.103, webStorageEnabled: true}
Session ID: 69949016ec8deb7a49bd0a3aec466f78]]>
            </message>
            <full-stacktrace>
              <![CDATA[org.openqa.selenium.WebDriverException: unknown error: cannot focus element
  (Session info: chrome=73.0.3683.103)
  (Driver info: chromedriver=2.44.609538 (b655c5a60b0b544917107a59d4153d4bf78e1b90),platform=Windows NT 10.0.17134 x86_64) (WARNING: The server did not provide any stacktrace information)
Command duration or timeout: 0 milliseconds
Build info: version: '3.141.59', revision: 'e82be7d358', time: '2018-11-14T08:25:53'
System info: host: 'LT-37530A', ip: '10.1.22.48', os.name: 'Windows 10', os.arch: 'amd64', os.version: '10.0', java.version: '1.8.0_151'
Driver info: org.openqa.selenium.chrome.ChromeDriver
Capabilities {acceptInsecureCerts: false, acceptSslCerts: false, applicationCacheEnabled: false, browserConnectionEnabled: false, browserName: chrome, chrome: {chromedriverVersion: 2.44.609538 (b655c5a60b0b54..., userDataDir: C:\Users\37530\AppData\Loca...}, cssSelectorsEnabled: true, databaseEnabled: false, goog:chromeOptions: {debuggerAddress: localhost:61339}, handlesAlerts: true, hasTouchScreen: false, javascriptEnabled: true, locationContextEnabled: true, mobileEmulationEnabled: false, nativeEvents: true, networkConnectionEnabled: false, pageLoadStrategy: normal, platform: XP, platformName: XP, rotatable: false, setWindowRect: true, takesHeapSnapshot: true, takesScreenshot: true, unexpectedAlertBehaviour: ignore, unhandledPromptBehavior: ignore, version: 73.0.3683.103, webStorageEnabled: true}
Session ID: 69949016ec8deb7a49bd0a3aec466f78
	at sun.reflect.NativeConstructorAccessorImpl.newInstance0(Native Method)
	at sun.reflect.NativeConstructorAccessorImpl.newInstance(Unknown Source)
	at sun.reflect.DelegatingConstructorAccessorImpl.newInstance(Unknown Source)
	at java.lang.reflect.Constructor.newInstance(Unknown Source)
	at org.openqa.selenium.remote.ErrorHandler.createThrowable(ErrorHandler.java:214)
	at org.openqa.selenium.remote.ErrorHandler.throwIfResponseFailed(ErrorHandler.java:166)
	at org.openqa.selenium.remote.http.JsonHttpResponseCodec.reconstructValue(JsonHttpResponseCodec.java:40)
	at org.openqa.selenium.remote.http.AbstractHttpResponseCodec.decode(AbstractHttpResponseCodec.java:80)
	at org.openqa.selenium.remote.http.AbstractHttpResponseCodec.decode(AbstractHttpResponseCodec.java:44)
	at org.openqa.selenium.remote.HttpCommandExecutor.execute(HttpCommandExecutor.java:158)
	at org.openqa.selenium.remote.service.DriverCommandExecutor.execute(DriverCommandExecutor.java:83)
	at org.openqa.selenium.remote.RemoteWebDriver.execute(RemoteWebDriver.java:552)
	at org.openqa.selenium.remote.RemoteWebElement.execute(RemoteWebElement.java:285)
	at org.openqa.selenium.remote.RemoteWebElement.sendKeys(RemoteWebElement.java:106)
	at propack.CreateproNg.lukup_profile_clk(CreateproNg.java:733)
	at sun.reflect.NativeMethodAccessorImpl.invoke0(Native Method)
	at sun.reflect.NativeMethodAccessorImpl.invoke(Unknown Source)
	at sun.reflect.DelegatingMethodAccessorImpl.invoke(Unknown Source)
	at java.lang.reflect.Method.invoke(Unknown Source)
	at org.testng.internal.MethodInvocationHelper.invokeMethod(MethodInvocationHelper.java:86)
	at org.testng.internal.Invoker.invokeMethod(Invoker.java:643)
	at org.testng.internal.Invoker.invokeTestMethod(Invoker.java:820)
	at org.testng.internal.Invoker.invokeTestMethods(Invoker.java:1128)
	at org.testng.internal.TestMethodWorker.invokeTestMethods(TestMethodWorker.java:129)
	at org.testng.internal.TestMethodWorker.run(TestMethodWorker.java:112)
	at org.testng.TestRunner.privateRun(TestRunner.java:782)
	at org.testng.TestRunner.run(TestRunner.java:632)
	at org.testng.SuiteRunner.runTest(SuiteRunner.java:366)
	at org.testng.SuiteRunner.runSequentially(SuiteRunner.java:361)
	at org.testng.SuiteRunner.privateRun(SuiteRunner.java:319)
	at org.testng.SuiteRunner.run(SuiteRunner.java:268)
	at org.testng.SuiteRunnerWorker.runSuite(SuiteRunnerWorker.java:52)
	at org.testng.SuiteRunnerWorker.run(SuiteRunnerWorker.java:86)
	at org.testng.TestNG.runSuitesSequentially(TestNG.java:1244)
	at org.testng.TestNG.runSuitesLocally(TestNG.java:1169)
	at org.testng.TestNG.run(TestNG.java:1064)
	at org.testng.remote.AbstractRemoteTestNG.run(AbstractRemoteTestNG.java:115)
	at org.testng.remote.RemoteTestNG.initAndRun(RemoteTestNG.java:251)
	at org.testng.remote.RemoteTestNG.main(RemoteTestNG.java:77)
]]>
            </full-stacktrace>
          </exception> <!-- org.openqa.selenium.WebDriverException -->
          <reporter-output>
          </reporter-output>
        </test-method> <!-- lukup_profile_clk -->
        <test-method status="PASS" signature="CloseTest()[pri:0, instance:propack.CreateproNg@457e2f02]" name="CloseTest" is-config="true" duration-ms="0" started-at="2019-04-23T11:42:20Z" finished-at="2019-04-23T11:42:20Z">
          <reporter-output>
          </reporter-output>
        </test-method> <!-- CloseTest -->
      </class> <!-- propack.CreateproNg -->
    </test> <!-- Default test -->
  </suite> <!-- Default suite -->
</testng-results>
